Copyright 1986-2018 Xilinx, Inc. All Rights Reserved.
-------------------------------------------------------------------------------------------------------------------------------------------------------------
| Tool Version     : Vivado v.2018.3 (win64) Build 2405991 Thu Dec  6 23:38:27 MST 2018
| Date             : Thu Apr  4 09:20:35 2019
| Host             : Galentine running 64-bit major release  (build 9200)
| Command          : report_power -file xc7_top_level_power_routed.rpt -pb xc7_top_level_power_summary_routed.pb -rpx xc7_top_level_power_routed.rpx
| Design           : xc7_top_level
| Device           : xc7a35tcpg236-1
| Design State     : routed
| Grade            : commercial
| Process          : typical
| Characterization : Production
-------------------------------------------------------------------------------------------------------------------------------------------------------------

Power Report

Table of Contents
-----------------
1. Summary
1.1 On-Chip Components
1.2 Power Supply Summary
1.3 Confidence Level
2. Settings
2.1 Environment
2.2 Clock Constraints
3. Detailed Reports
3.1 By Hierarchy

1. Summary
----------

+--------------------------+--------------+
| Total On-Chip Power (W)  | 0.250        |
| Design Power Budget (W)  | Unspecified* |
| Power Budget Margin (W)  | NA           |
| Dynamic (W)              | 0.176        |
| Device Static (W)        | 0.074        |
| Effective TJA (C/W)      | 5.0          |
| Max Ambient (C)          | 83.8         |
| Junction Temperature (C) | 26.2         |
| Confidence Level         | Low          |
| Setting File             | ---          |
| Simulation Activity File | ---          |
| Design Nets Matched      | NA           |
+--------------------------+--------------+
* Specify Design Power Budget using, set_operating_conditions -design_power_budget <value in Watts>


1.1 On-Chip Components
----------------------

+--------------------------+-----------+----------+-----------+-----------------+
| On-Chip                  | Power (W) | Used     | Available | Utilization (%) |
+--------------------------+-----------+----------+-----------+-----------------+
| Clocks                   |     0.022 |        8 |       --- |             --- |
| Slice Logic              |     0.008 |     9076 |       --- |             --- |
|   LUT as Logic           |     0.006 |     3152 |     20800 |           15.15 |
|   LUT as Distributed RAM |    <0.001 |      112 |      9600 |            1.17 |
|   Register               |    <0.001 |     4004 |     41600 |            9.63 |
|   CARRY4                 |    <0.001 |       98 |      8150 |            1.20 |
|   F7/F8 Muxes            |    <0.001 |      115 |     32600 |            0.35 |
|   LUT as Shift Register  |    <0.001 |       64 |      9600 |            0.67 |
|   BUFG                   |    <0.001 |        1 |        32 |            3.13 |
|   Others                 |    <0.001 |      780 |       --- |             --- |
| Signals                  |     0.014 |     6331 |       --- |             --- |
| Block RAM                |     0.010 |       34 |        50 |           68.00 |
| MMCM                     |     0.106 |        1 |         5 |           20.00 |
| I/O                      |     0.016 |       70 |       106 |           66.04 |
| Static Power             |     0.074 |          |           |                 |
| Total                    |     0.250 |          |           |                 |
+--------------------------+-----------+----------+-----------+-----------------+


1.2 Power Supply Summary
------------------------

+-----------+-------------+-----------+-------------+------------+
| Source    | Voltage (V) | Total (A) | Dynamic (A) | Static (A) |
+-----------+-------------+-----------+-------------+------------+
| Vccint    |       1.000 |     0.065 |       0.054 |      0.011 |
| Vccaux    |       1.800 |     0.072 |       0.059 |      0.013 |
| Vcco33    |       3.300 |     0.005 |       0.004 |      0.001 |
| Vcco25    |       2.500 |     0.000 |       0.000 |      0.000 |
| Vcco18    |       1.800 |     0.000 |       0.000 |      0.000 |
| Vcco15    |       1.500 |     0.000 |       0.000 |      0.000 |
| Vcco135   |       1.350 |     0.000 |       0.000 |      0.000 |
| Vcco12    |       1.200 |     0.000 |       0.000 |      0.000 |
| Vccaux_io |       1.800 |     0.000 |       0.000 |      0.000 |
| Vccbram   |       1.000 |     0.002 |       0.001 |      0.001 |
| MGTAVcc   |       1.000 |     0.000 |       0.000 |      0.000 |
| MGTAVtt   |       1.200 |     0.000 |       0.000 |      0.000 |
| Vccadc    |       1.800 |     0.020 |       0.000 |      0.020 |
+-----------+-------------+-----------+-------------+------------+


1.3 Confidence Level
--------------------

+-----------------------------+------------+--------------------------------------------------------+------------------------------------------------------------------------------------------------------------+
| User Input Data             | Confidence | Details                                                | Action                                                                                                     |
+-----------------------------+------------+--------------------------------------------------------+------------------------------------------------------------------------------------------------------------+
| Design implementation state | High       | Design is routed                                       |                                                                                                            |
| Clock nodes activity        | High       | User specified more than 95% of clocks                 |                                                                                                            |
| I/O nodes activity          | Low        | More than 75% of inputs are missing user specification | Provide missing input activity with simulation results or by editing the "By Resource Type -> I/Os" view   |
| Internal nodes activity     | Medium     | User specified less than 25% of internal nodes         | Provide missing internal nodes activity with simulation results or by editing the "By Resource Type" views |
| Device models               | High       | Device models are Production                           |                                                                                                            |
|                             |            |                                                        |                                                                                                            |
| Overall confidence level    | Low        |                                                        |                                                                                                            |
+-----------------------------+------------+--------------------------------------------------------+------------------------------------------------------------------------------------------------------------+


2. Settings
-----------

2.1 Environment
---------------

+-----------------------+--------------------------+
| Ambient Temp (C)      | 25.0                     |
| ThetaJA (C/W)         | 5.0                      |
| Airflow (LFM)         | 250                      |
| Heat Sink             | medium (Medium Profile)  |
| ThetaSA (C/W)         | 4.6                      |
| Board Selection       | medium (10"x10")         |
| # of Board Layers     | 12to15 (12 to 15 Layers) |
| Board Temperature (C) | 25.0                     |
+-----------------------+--------------------------+


2.2 Clock Constraints
---------------------

+-------------------------------------------------------------------------+------------------------------------------------------------------------+-----------------+
| Clock                                                                   | Domain                                                                 | Constraint (ns) |
+-------------------------------------------------------------------------+------------------------------------------------------------------------+-----------------+
| MICROBLAZE/microblaze_i/mdm_1/U0/Use_E2.BSCAN_I/Use_E2.BSCANE2_I/DRCK   | MICROBLAZE/microblaze_i/mdm_1/U0/Use_E2.BSCAN_I/DRCK                   |            33.3 |
| MICROBLAZE/microblaze_i/mdm_1/U0/Use_E2.BSCAN_I/Use_E2.BSCANE2_I/UPDATE | MICROBLAZE/microblaze_i/mdm_1/U0/Use_E2.BSCAN_I/Dbg_Update_0           |            33.3 |
| clk_out1_microblaze_clk_wiz_1_0                                         | MICROBLAZE/microblaze_i/clk_wiz_1/inst/clk_out1_microblaze_clk_wiz_1_0 |            10.0 |
| clkfbout_microblaze_clk_wiz_1_0                                         | MICROBLAZE/microblaze_i/clk_wiz_1/inst/clkfbout_microblaze_clk_wiz_1_0 |            10.0 |
| sys_clk_pin                                                             | CLK100MHZ                                                              |            10.0 |
| sys_clk_pin                                                             | CLK100MHZ_IBUF_BUFG                                                    |            10.0 |
+-------------------------------------------------------------------------+------------------------------------------------------------------------+-----------------+


3. Detailed Reports
-------------------

3.1 By Hierarchy
----------------

+---------------------------------+-----------+
| Name                            | Power (W) |
+---------------------------------+-----------+
| xc7_top_level                   |     0.176 |
|   MICROBLAZE                    |     0.152 |
|     microblaze_i                |     0.150 |
|       PmodSD_0                  |     0.005 |
|       PmodSD_1                  |     0.005 |
|       PmodSD_2                  |     0.005 |
|       clk_wiz_1                 |     0.106 |
|       mem_data                  |     0.003 |
|       microblaze_0              |     0.015 |
|       microblaze_0_axi_periph   |     0.001 |
|       microblaze_0_local_memory |     0.006 |
|   RAM1                          |     0.005 |
+---------------------------------+-----------+


