20:21:13 INFO  : Registering command handlers for SDK TCF services
20:21:14 INFO  : Launching XSCT server: xsct.bat -interactive C:\Users\poopm\project_1\project_1.sdk\temp_xsdb_launch_script.tcl
20:21:16 INFO  : XSCT server has started successfully.
20:21:16 INFO  : Processing command line option -hwspec C:/Users/poopm/project_1/project_1.sdk/design_1_wrapper.hdf.
20:21:16 INFO  : Successfully done setting XSCT server connection channel  
20:21:16 INFO  : Successfully done setting SDK workspace  
21:58:05 INFO  : Connected to target on host '127.0.0.1' and port '3121'.
21:58:07 INFO  : 'targets -set -filter {jtag_cable_name =~ "Digilent Basys3 210183AA14E3A" && level==0} -index 0' command is executed.
21:58:08 INFO  : FPGA configured successfully with bitstream "C:/Users/poopm/project_1/project_1.sdk/design_1_wrapper_hw_platform_0/download.bit"
21:58:32 INFO  : 'targets -set -filter {jtag_cable_name =~ "Digilent Basys3 210183AA14E3A" && level==0} -index 0' command is executed.
21:58:32 INFO  : 'fpga -state' command is executed.
21:58:32 INFO  : Connected to target on host '127.0.0.1' and port '3121'.
21:58:33 INFO  : Jtag cable 'Digilent Basys3 210183AA14E3A' is selected.
21:58:33 INFO  : 'jtag frequency' command is executed.
21:58:33 INFO  : 'configparams mdm-detect-bscan-mask 2' command is executed.
21:58:33 INFO  : Context for processor 'microblaze_0' is selected.
21:58:33 INFO  : Processor reset is completed for 'microblaze_0'.
21:58:33 INFO  : Context for processor 'microblaze_0' is selected.
21:58:33 INFO  : The application 'C:/Users/poopm/project_1/project_1.sdk/sdd/Debug/sdd.elf' is downloaded to processor 'microblaze_0'.
21:58:33 INFO  : ----------------XSDB Script----------------
connect -url tcp:127.0.0.1:3121
configparams mdm-detect-bscan-mask 2
targets -set -nocase -filter {name =~ "microblaze*#0" && bscan=="USER2"  && jtag_cable_name =~ "Digilent Basys3 210183AA14E3A"} -index 0
rst -processor
targets -set -nocase -filter {name =~ "microblaze*#0" && bscan=="USER2"  && jtag_cable_name =~ "Digilent Basys3 210183AA14E3A"} -index 0
dow C:/Users/poopm/project_1/project_1.sdk/sdd/Debug/sdd.elf
----------------End of Script----------------

21:58:33 INFO  : Memory regions updated for context PA
21:58:33 INFO  : Memory regions updated for context MicroBlaze Debug Module at USER2
21:58:33 INFO  : Context for processor 'microblaze_0' is selected.
21:58:33 INFO  : 'con' command is executed.
21:58:33 INFO  : ----------------XSDB Script (After Launch)----------------
targets -set -nocase -filter {name =~ "microblaze*#0" && bscan=="USER2"  && jtag_cable_name =~ "Digilent Basys3 210183AA14E3A"} -index 0
con
----------------End of Script----------------

21:58:33 INFO  : Launch script is exported to file 'C:\Users\poopm\project_1\project_1.sdk\.sdk\launch_scripts\xilinx_c-c++_application_(system_debugger)\system_debugger_using_debug_sdd.elf_on_local.tcl'
22:01:00 INFO  : Connected to target on host '127.0.0.1' and port '3121'.
22:01:00 INFO  : 'targets -set -filter {jtag_cable_name =~ "Digilent Basys3 210183AA14E3A" && level==0} -index 0' command is executed.
22:01:01 INFO  : FPGA configured successfully with bitstream "C:/Users/poopm/project_1/project_1.sdk/design_1_wrapper_hw_platform_0/download.bit"
22:02:31 INFO  : Disconnected from the channel tcfchan#1.
22:02:36 INFO  : 'targets -set -filter {jtag_cable_name =~ "Digilent Basys3 210183AA14E3A" && level==0} -index 0' command is executed.
22:02:36 INFO  : 'fpga -state' command is executed.
22:02:36 INFO  : Connected to target on host '127.0.0.1' and port '3121'.
22:02:36 INFO  : Jtag cable 'Digilent Basys3 210183AA14E3A' is selected.
22:02:36 INFO  : 'jtag frequency' command is executed.
22:02:36 INFO  : 'configparams mdm-detect-bscan-mask 2' command is executed.
22:02:36 INFO  : Context for processor 'microblaze_0' is selected.
22:02:36 INFO  : Processor reset is completed for 'microblaze_0'.
22:02:36 INFO  : Context for processor 'microblaze_0' is selected.
22:02:37 INFO  : The application 'C:/Users/poopm/project_1/project_1.sdk/sdd/Debug/sdd.elf' is downloaded to processor 'microblaze_0'.
22:02:37 INFO  : ----------------XSDB Script----------------
connect -url tcp:127.0.0.1:3121
configparams mdm-detect-bscan-mask 2
targets -set -nocase -filter {name =~ "microblaze*#0" && bscan=="USER2"  && jtag_cable_name =~ "Digilent Basys3 210183AA14E3A"} -index 0
rst -processor
targets -set -nocase -filter {name =~ "microblaze*#0" && bscan=="USER2"  && jtag_cable_name =~ "Digilent Basys3 210183AA14E3A"} -index 0
dow C:/Users/poopm/project_1/project_1.sdk/sdd/Debug/sdd.elf
----------------End of Script----------------

22:02:37 INFO  : Memory regions updated for context PA
22:02:37 INFO  : Memory regions updated for context MicroBlaze Debug Module at USER2
22:02:37 INFO  : Context for processor 'microblaze_0' is selected.
22:02:37 INFO  : 'con' command is executed.
22:02:37 INFO  : ----------------XSDB Script (After Launch)----------------
targets -set -nocase -filter {name =~ "microblaze*#0" && bscan=="USER2"  && jtag_cable_name =~ "Digilent Basys3 210183AA14E3A"} -index 0
con
----------------End of Script----------------

22:02:37 INFO  : Launch script is exported to file 'C:\Users\poopm\project_1\project_1.sdk\.sdk\launch_scripts\xilinx_c-c++_application_(system_debugger)\system_debugger_using_debug_sdd.elf_on_local.tcl'
22:03:42 INFO  : Connected to target on host '127.0.0.1' and port '3121'.
22:03:42 INFO  : 'targets -set -filter {jtag_cable_name =~ "Digilent Basys3 210183AA14E3A" && level==0} -index 0' command is executed.
22:03:43 INFO  : FPGA configured successfully with bitstream "C:/Users/poopm/project_1/project_1.sdk/design_1_wrapper_hw_platform_0/download.bit"
22:04:15 INFO  : Disconnected from the channel tcfchan#2.
22:04:16 INFO  : 'targets -set -filter {jtag_cable_name =~ "Digilent Basys3 210183AA14E3A" && level==0} -index 0' command is executed.
22:04:16 INFO  : 'fpga -state' command is executed.
22:04:16 INFO  : Connected to target on host '127.0.0.1' and port '3121'.
22:04:16 INFO  : Jtag cable 'Digilent Basys3 210183AA14E3A' is selected.
22:04:16 INFO  : 'jtag frequency' command is executed.
22:04:16 INFO  : 'configparams mdm-detect-bscan-mask 2' command is executed.
22:04:16 INFO  : Context for processor 'microblaze_0' is selected.
22:04:16 INFO  : Processor reset is completed for 'microblaze_0'.
22:04:16 INFO  : Context for processor 'microblaze_0' is selected.
22:04:16 INFO  : The application 'C:/Users/poopm/project_1/project_1.sdk/sdd/Debug/sdd.elf' is downloaded to processor 'microblaze_0'.
22:04:16 INFO  : ----------------XSDB Script----------------
connect -url tcp:127.0.0.1:3121
configparams mdm-detect-bscan-mask 2
targets -set -nocase -filter {name =~ "microblaze*#0" && bscan=="USER2"  && jtag_cable_name =~ "Digilent Basys3 210183AA14E3A"} -index 0
rst -processor
targets -set -nocase -filter {name =~ "microblaze*#0" && bscan=="USER2"  && jtag_cable_name =~ "Digilent Basys3 210183AA14E3A"} -index 0
dow C:/Users/poopm/project_1/project_1.sdk/sdd/Debug/sdd.elf
----------------End of Script----------------

22:04:16 INFO  : Memory regions updated for context PA
22:04:16 INFO  : Memory regions updated for context MicroBlaze Debug Module at USER2
22:04:16 INFO  : Context for processor 'microblaze_0' is selected.
22:04:16 INFO  : 'con' command is executed.
22:04:16 INFO  : ----------------XSDB Script (After Launch)----------------
targets -set -nocase -filter {name =~ "microblaze*#0" && bscan=="USER2"  && jtag_cable_name =~ "Digilent Basys3 210183AA14E3A"} -index 0
con
----------------End of Script----------------

22:04:16 INFO  : Launch script is exported to file 'C:\Users\poopm\project_1\project_1.sdk\.sdk\launch_scripts\xilinx_c-c++_application_(system_debugger)\system_debugger_using_debug_sdd.elf_on_local.tcl'
10:20:48 INFO  : Connected to target on host '127.0.0.1' and port '3121'.
10:20:48 INFO  : 'targets -set -filter {jtag_cable_name =~ "Digilent Basys3 210183AA14E3A" && level==0} -index 0' command is executed.
10:20:49 INFO  : FPGA configured successfully with bitstream "C:/Users/poopm/project_1/project_1.sdk/design_1_wrapper_hw_platform_0/download.bit"
10:21:00 INFO  : Disconnected from the channel tcfchan#3.
10:21:01 INFO  : 'targets -set -filter {jtag_cable_name =~ "Digilent Basys3 210183AA14E3A" && level==0} -index 0' command is executed.
10:21:01 INFO  : 'fpga -state' command is executed.
10:21:01 INFO  : Connected to target on host '127.0.0.1' and port '3121'.
10:21:01 INFO  : Jtag cable 'Digilent Basys3 210183AA14E3A' is selected.
10:21:01 INFO  : 'jtag frequency' command is executed.
10:21:01 INFO  : 'configparams mdm-detect-bscan-mask 2' command is executed.
10:21:02 INFO  : Context for processor 'microblaze_0' is selected.
10:21:02 INFO  : Processor reset is completed for 'microblaze_0'.
10:21:02 INFO  : Context for processor 'microblaze_0' is selected.
10:21:02 INFO  : The application 'C:/Users/poopm/project_1/project_1.sdk/sdd/Debug/sdd.elf' is downloaded to processor 'microblaze_0'.
10:21:02 INFO  : ----------------XSDB Script----------------
connect -url tcp:127.0.0.1:3121
configparams mdm-detect-bscan-mask 2
targets -set -nocase -filter {name =~ "microblaze*#0" && bscan=="USER2"  && jtag_cable_name =~ "Digilent Basys3 210183AA14E3A"} -index 0
rst -processor
targets -set -nocase -filter {name =~ "microblaze*#0" && bscan=="USER2"  && jtag_cable_name =~ "Digilent Basys3 210183AA14E3A"} -index 0
dow C:/Users/poopm/project_1/project_1.sdk/sdd/Debug/sdd.elf
----------------End of Script----------------

10:21:02 INFO  : Memory regions updated for context PA
10:21:02 INFO  : Memory regions updated for context MicroBlaze Debug Module at USER2
10:21:02 INFO  : Context for processor 'microblaze_0' is selected.
10:21:02 INFO  : 'con' command is executed.
10:21:02 INFO  : ----------------XSDB Script (After Launch)----------------
targets -set -nocase -filter {name =~ "microblaze*#0" && bscan=="USER2"  && jtag_cable_name =~ "Digilent Basys3 210183AA14E3A"} -index 0
con
----------------End of Script----------------

10:21:02 INFO  : Launch script is exported to file 'C:\Users\poopm\project_1\project_1.sdk\.sdk\launch_scripts\xilinx_c-c++_application_(system_debugger)\system_debugger_using_debug_sdd.elf_on_local.tcl'
10:57:09 INFO  : Connected to target on host '127.0.0.1' and port '3121'.
10:57:09 INFO  : 'targets -set -filter {jtag_cable_name =~ "Digilent Basys3 210183AA14E3A" && level==0} -index 0' command is executed.
10:57:11 INFO  : FPGA configured successfully with bitstream "C:/Users/poopm/project_1/project_1.sdk/design_1_wrapper_hw_platform_0/download.bit"
10:57:50 INFO  : Disconnected from the channel tcfchan#4.
10:57:51 INFO  : 'targets -set -filter {jtag_cable_name =~ "Digilent Basys3 210183AA14E3A" && level==0} -index 0' command is executed.
10:57:51 INFO  : 'fpga -state' command is executed.
10:57:51 INFO  : Connected to target on host '127.0.0.1' and port '3121'.
10:57:51 INFO  : Jtag cable 'Digilent Basys3 210183AA14E3A' is selected.
10:57:51 INFO  : 'jtag frequency' command is executed.
10:57:51 INFO  : 'configparams mdm-detect-bscan-mask 2' command is executed.
10:57:51 INFO  : Context for processor 'microblaze_0' is selected.
10:57:51 INFO  : Processor reset is completed for 'microblaze_0'.
10:57:51 INFO  : Context for processor 'microblaze_0' is selected.
10:57:51 INFO  : The application 'C:/Users/poopm/project_1/project_1.sdk/sdd/Debug/sdd.elf' is downloaded to processor 'microblaze_0'.
10:57:51 INFO  : ----------------XSDB Script----------------
connect -url tcp:127.0.0.1:3121
configparams mdm-detect-bscan-mask 2
targets -set -nocase -filter {name =~ "microblaze*#0" && bscan=="USER2"  && jtag_cable_name =~ "Digilent Basys3 210183AA14E3A"} -index 0
rst -processor
targets -set -nocase -filter {name =~ "microblaze*#0" && bscan=="USER2"  && jtag_cable_name =~ "Digilent Basys3 210183AA14E3A"} -index 0
dow C:/Users/poopm/project_1/project_1.sdk/sdd/Debug/sdd.elf
----------------End of Script----------------

10:57:51 INFO  : Memory regions updated for context PA
10:57:51 INFO  : Memory regions updated for context MicroBlaze Debug Module at USER2
10:57:51 INFO  : Context for processor 'microblaze_0' is selected.
10:57:51 INFO  : 'con' command is executed.
10:57:51 INFO  : ----------------XSDB Script (After Launch)----------------
targets -set -nocase -filter {name =~ "microblaze*#0" && bscan=="USER2"  && jtag_cable_name =~ "Digilent Basys3 210183AA14E3A"} -index 0
con
----------------End of Script----------------

10:57:51 INFO  : Launch script is exported to file 'C:\Users\poopm\project_1\project_1.sdk\.sdk\launch_scripts\xilinx_c-c++_application_(system_debugger)\system_debugger_using_debug_sdd.elf_on_local.tcl'
10:58:08 WARN  : channel "tcfchan#5" closed
11:05:47 INFO  : Connected to target on host '127.0.0.1' and port '3121'.
11:05:49 INFO  : 'targets -set -filter {jtag_cable_name =~ "Digilent Basys3 210183AA14E3A" && level==0} -index 0' command is executed.
11:05:50 INFO  : FPGA configured successfully with bitstream "C:/Users/poopm/project_1/project_1.sdk/design_1_wrapper_hw_platform_0/download.bit"
11:06:00 INFO  : 'targets -set -filter {jtag_cable_name =~ "Digilent Basys3 210183AA14E3A" && level==0} -index 0' command is executed.
11:06:00 INFO  : 'fpga -state' command is executed.
11:06:00 INFO  : Connected to target on host '127.0.0.1' and port '3121'.
11:06:01 INFO  : Jtag cable 'Digilent Basys3 210183AA14E3A' is selected.
11:06:01 INFO  : 'jtag frequency' command is executed.
11:06:01 INFO  : 'configparams mdm-detect-bscan-mask 2' command is executed.
11:06:01 INFO  : Context for processor 'microblaze_0' is selected.
11:06:01 INFO  : Processor reset is completed for 'microblaze_0'.
11:06:01 INFO  : Context for processor 'microblaze_0' is selected.
11:06:01 INFO  : The application 'C:/Users/poopm/project_1/project_1.sdk/sdd/Debug/sdd.elf' is downloaded to processor 'microblaze_0'.
11:06:01 INFO  : ----------------XSDB Script----------------
connect -url tcp:127.0.0.1:3121
configparams mdm-detect-bscan-mask 2
targets -set -nocase -filter {name =~ "microblaze*#0" && bscan=="USER2"  && jtag_cable_name =~ "Digilent Basys3 210183AA14E3A"} -index 0
rst -processor
targets -set -nocase -filter {name =~ "microblaze*#0" && bscan=="USER2"  && jtag_cable_name =~ "Digilent Basys3 210183AA14E3A"} -index 0
dow C:/Users/poopm/project_1/project_1.sdk/sdd/Debug/sdd.elf
----------------End of Script----------------

11:06:01 INFO  : Memory regions updated for context PA
11:06:01 INFO  : Memory regions updated for context MicroBlaze Debug Module at USER2
11:06:01 INFO  : Context for processor 'microblaze_0' is selected.
11:06:01 INFO  : 'con' command is executed.
11:06:01 INFO  : ----------------XSDB Script (After Launch)----------------
targets -set -nocase -filter {name =~ "microblaze*#0" && bscan=="USER2"  && jtag_cable_name =~ "Digilent Basys3 210183AA14E3A"} -index 0
con
----------------End of Script----------------

11:06:01 INFO  : Launch script is exported to file 'C:\Users\poopm\project_1\project_1.sdk\.sdk\launch_scripts\xilinx_c-c++_application_(system_debugger)\system_debugger_using_debug_sdd.elf_on_local.tcl'
11:25:13 INFO  : Connected to target on host '127.0.0.1' and port '3121'.
11:25:13 INFO  : 'targets -set -filter {jtag_cable_name =~ "Digilent Basys3 210183AA14E3A" && level==0} -index 0' command is executed.
11:25:14 INFO  : FPGA configured successfully with bitstream "C:/Users/poopm/project_1/project_1.sdk/design_1_wrapper_hw_platform_0/download.bit"
11:25:32 INFO  : Disconnected from the channel tcfchan#6.
11:25:37 INFO  : 'targets -set -filter {jtag_cable_name =~ "Digilent Basys3 210183AA14E3A" && level==0} -index 0' command is executed.
11:25:37 INFO  : 'fpga -state' command is executed.
11:25:37 INFO  : Connected to target on host '127.0.0.1' and port '3121'.
11:25:37 INFO  : Jtag cable 'Digilent Basys3 210183AA14E3A' is selected.
11:25:37 INFO  : 'jtag frequency' command is executed.
11:25:37 INFO  : 'configparams mdm-detect-bscan-mask 2' command is executed.
11:25:37 INFO  : Context for processor 'microblaze_0' is selected.
11:25:37 INFO  : Processor reset is completed for 'microblaze_0'.
11:25:37 INFO  : Context for processor 'microblaze_0' is selected.
11:25:37 INFO  : The application 'C:/Users/poopm/project_1/project_1.sdk/sdd/Debug/sdd.elf' is downloaded to processor 'microblaze_0'.
11:25:37 INFO  : ----------------XSDB Script----------------
connect -url tcp:127.0.0.1:3121
configparams mdm-detect-bscan-mask 2
targets -set -nocase -filter {name =~ "microblaze*#0" && bscan=="USER2"  && jtag_cable_name =~ "Digilent Basys3 210183AA14E3A"} -index 0
rst -processor
targets -set -nocase -filter {name =~ "microblaze*#0" && bscan=="USER2"  && jtag_cable_name =~ "Digilent Basys3 210183AA14E3A"} -index 0
dow C:/Users/poopm/project_1/project_1.sdk/sdd/Debug/sdd.elf
----------------End of Script----------------

11:25:37 INFO  : Memory regions updated for context PA
11:25:37 INFO  : Memory regions updated for context MicroBlaze Debug Module at USER2
11:25:37 INFO  : Context for processor 'microblaze_0' is selected.
11:25:38 INFO  : 'con' command is executed.
11:25:38 INFO  : ----------------XSDB Script (After Launch)----------------
targets -set -nocase -filter {name =~ "microblaze*#0" && bscan=="USER2"  && jtag_cable_name =~ "Digilent Basys3 210183AA14E3A"} -index 0
con
----------------End of Script----------------

11:25:38 INFO  : Launch script is exported to file 'C:\Users\poopm\project_1\project_1.sdk\.sdk\launch_scripts\xilinx_c-c++_application_(system_debugger)\system_debugger_using_debug_sdd.elf_on_local.tcl'
11:26:19 INFO  : Connected to target on host '127.0.0.1' and port '3121'.
11:26:19 INFO  : 'targets -set -filter {jtag_cable_name =~ "Digilent Basys3 210183AA14E3A" && level==0} -index 0' command is executed.
11:26:21 INFO  : FPGA configured successfully with bitstream "C:/Users/poopm/project_1/project_1.sdk/design_1_wrapper_hw_platform_0/download.bit"
11:26:35 INFO  : Disconnected from the channel tcfchan#7.
11:26:40 INFO  : 'targets -set -filter {jtag_cable_name =~ "Digilent Basys3 210183AA14E3A" && level==0} -index 0' command is executed.
11:26:40 INFO  : 'fpga -state' command is executed.
11:26:40 INFO  : Connected to target on host '127.0.0.1' and port '3121'.
11:26:40 INFO  : Jtag cable 'Digilent Basys3 210183AA14E3A' is selected.
11:26:40 INFO  : 'jtag frequency' command is executed.
11:26:40 INFO  : 'configparams mdm-detect-bscan-mask 2' command is executed.
11:26:40 INFO  : Context for processor 'microblaze_0' is selected.
11:26:40 INFO  : Processor reset is completed for 'microblaze_0'.
11:26:40 INFO  : Context for processor 'microblaze_0' is selected.
11:26:41 INFO  : The application 'C:/Users/poopm/project_1/project_1.sdk/sdd/Debug/sdd.elf' is downloaded to processor 'microblaze_0'.
11:26:41 INFO  : ----------------XSDB Script----------------
connect -url tcp:127.0.0.1:3121
configparams mdm-detect-bscan-mask 2
targets -set -nocase -filter {name =~ "microblaze*#0" && bscan=="USER2"  && jtag_cable_name =~ "Digilent Basys3 210183AA14E3A"} -index 0
rst -processor
targets -set -nocase -filter {name =~ "microblaze*#0" && bscan=="USER2"  && jtag_cable_name =~ "Digilent Basys3 210183AA14E3A"} -index 0
dow C:/Users/poopm/project_1/project_1.sdk/sdd/Debug/sdd.elf
----------------End of Script----------------

11:26:41 INFO  : Memory regions updated for context PA
11:26:41 INFO  : Memory regions updated for context MicroBlaze Debug Module at USER2
11:26:41 INFO  : Context for processor 'microblaze_0' is selected.
11:26:41 INFO  : 'con' command is executed.
11:26:41 INFO  : ----------------XSDB Script (After Launch)----------------
targets -set -nocase -filter {name =~ "microblaze*#0" && bscan=="USER2"  && jtag_cable_name =~ "Digilent Basys3 210183AA14E3A"} -index 0
con
----------------End of Script----------------

11:26:41 INFO  : Launch script is exported to file 'C:\Users\poopm\project_1\project_1.sdk\.sdk\launch_scripts\xilinx_c-c++_application_(system_debugger)\system_debugger_using_debug_sdd.elf_on_local.tcl'
12:23:06 INFO  : Disconnected from the channel tcfchan#8.
